
D:\Cliff\1md031_18_students\node_modules\uws>if not defined npm_config_node_gyp (node "C:\Program Files\nodejs\node_modules\npm\node_modules\npm-lifecycle\node-gyp-bin\\..\..\node_modules\node-gyp\bin\node-gyp.js" rebuild )  else (node "C:\Program Files\nodejs\node_modules\npm\node_modules\node-gyp\bin\node-gyp.js" rebuild ) 
在這個方案中一次建置一個專案。若要啟用平行組建，請加入 "/m" 參數。
  Extensions.cpp
  Group.cpp
  Networking.cpp
  Hub.cpp
  Node.cpp
d:\cliff\1md031_18_students\node_modules\uws\src\Socket.h(31): error C2797: 'uS::Socket::state': list initialization inside member initializer list or non-static data member initializer is not implemented (..\src\Group.cpp) [D:\Cliff\1md031_18_students\node_modules\uws\build\uws.vcxproj]
d:\cliff\1md031_18_students\node_modules\uws\src\Socket.h(31): error C2797: 'uS::Socket::state': list initialization inside member initializer list or non-static data member initializer is not implemented (..\src\Node.cpp) [D:\Cliff\1md031_18_students\node_modules\uws\build\uws.vcxproj]
d:\cliff\1md031_18_students\node_modules\uws\src\Socket.h(31): error C2797: 'uS::Socket::state': list initialization inside member initializer list or non-static data member initializer is not implemented (..\src\Hub.cpp) [D:\Cliff\1md031_18_students\node_modules\uws\build\uws.vcxproj]
  WebSocket.cpp
  HTTPSocket.cpp
  Socket.cpp
  addon.cpp
d:\cliff\1md031_18_students\node_modules\uws\src\Socket.h(31): error C2797: 'uS::Socket::state': list initialization inside member initializer list or non-static data member initializer is not implemented (..\src\WebSocket.cpp) [D:\Cliff\1md031_18_students\node_modules\uws\build\uws.vcxproj]
d:\cliff\1md031_18_students\node_modules\uws\src\Socket.h(31): error C2797: 'uS::Socket::state': list initialization inside member initializer list or non-static data member initializer is not implemented (..\src\HTTPSocket.cpp) [D:\Cliff\1md031_18_students\node_modules\uws\build\uws.vcxproj]
d:\cliff\1md031_18_students\node_modules\uws\src\Socket.h(31): error C2797: 'uS::Socket::state': list initialization inside member initializer list or non-static data member initializer is not implemented (..\src\addon.cpp) [D:\Cliff\1md031_18_students\node_modules\uws\build\uws.vcxproj]
  win_delay_load_hook.cc
d:\cliff\1md031_18_students\node_modules\uws\src\Socket.h(31): error C2797: 'uS::Socket::state': list initialization inside member initializer list or non-static data member initializer is not implemented (..\src\Socket.cpp) [D:\Cliff\1md031_18_students\node_modules\uws\build\uws.vcxproj]
c:\users\winnie\.node-gyp\10.13.0\include\node\v8.h(2570): error C2144: syntax error : 'int' should be preceded by ';' (..\src\addon.cpp) [D:\Cliff\1md031_18_students\node_modules\uws\build\uws.vcxproj]
c:\users\winnie\.node-gyp\10.13.0\include\node\v8.h(2570): error C4430: missing type specifier - int assumed. Note: C++ does not support default-int (..\src\addon.cpp) [D:\Cliff\1md031_18_students\node_modules\uws\build\uws.vcxproj]
c:\users\winnie\.node-gyp\10.13.0\include\node\v8.h(4273): error C2610: 'v8::WasmCompiledModule::TransferrableModule::TransferrableModule(v8::WasmCompiledModule::TransferrableModule &&)' : is not a special member function which can be defaulted (..\src\addon.cpp) [D:\Cliff\1md031_18_students\node_modules\uws\build\uws.vcxproj]
c:\users\winnie\.node-gyp\10.13.0\include\node\v8.h(4276): error C2610: 'v8::WasmCompiledModule::TransferrableModule &v8::WasmCompiledModule::TransferrableModule::operator =(v8::WasmCompiledModule::TransferrableModule &&)' : is not a special member function which can be defaulted (..\src\addon.cpp) [D:\Cliff\1md031_18_students\node_modules\uws\build\uws.vcxproj]
c:\users\winnie\.node-gyp\10.13.0\include\node\v8.h(4362): error C2610: 'v8::WasmModuleObjectBuilderStreaming::WasmModuleObjectBuilderStreaming(v8::WasmModuleObjectBuilderStreaming &&)' : is not a special member function which can be defaulted (..\src\addon.cpp) [D:\Cliff\1md031_18_students\node_modules\uws\build\uws.vcxproj]
c:\users\winnie\.node-gyp\10.13.0\include\node\v8.h(4367): error C2610: 'v8::WasmModuleObjectBuilderStreaming &v8::WasmModuleObjectBuilderStreaming::operator =(v8::WasmModuleObjectBuilderStreaming &&)' : is not a special member function which can be defaulted (..\src\addon.cpp) [D:\Cliff\1md031_18_students\node_modules\uws\build\uws.vcxproj]
c:\users\winnie\.node-gyp\10.13.0\include\node\v8.h(4632): error C2146: syntax error : missing ';' before identifier 'size_t' (..\src\addon.cpp) [D:\Cliff\1md031_18_students\node_modules\uws\build\uws.vcxproj]
c:\users\winnie\.node-gyp\10.13.0\include\node\v8.h(4632): error C4430: missing type specifier - int assumed. Note: C++ does not support default-int (..\src\addon.cpp) [D:\Cliff\1md031_18_students\node_modules\uws\build\uws.vcxproj]
C:\Users\winnie\.node-gyp\10.13.0\include\node\node_buffer.h(36): error C2597: illegal reference to non-static member 'v8::TypedArray::kMaxLength' (..\src\addon.cpp) [D:\Cliff\1md031_18_students\node_modules\uws\build\uws.vcxproj]
C:\Users\winnie\.node-gyp\10.13.0\include\node\node_buffer.h(36): error C2440: 'initializing' : cannot convert from 'unknown' to 'const unsigned int' (..\src\addon.cpp) [D:\Cliff\1md031_18_students\node_modules\uws\build\uws.vcxproj]
          There is no context in which this conversion is possible
d:\cliff\1md031_18_students\node_modules\uws\src\http.h(31): error C2664: 'v8::MaybeLocal<v8::String> v8::String::NewFromOneByte(v8::Isolate *,const uint8_t *,v8::NewStringType,int)' : cannot convert argument 3 from 'v8::String::NewStringType' to 'v8::NewStringType' (..\src\addon.cpp) [D:\Cliff\1md031_18_students\node_modules\uws\build\uws.vcxproj]
          Conversion to enumeration type requires an explicit cast (static_cast, C-style cast or function-style cast)
d:\cliff\1md031_18_students\node_modules\uws\src\http.h(45): error C2664: 'v8::MaybeLocal<v8::String> v8::String::NewFromOneByte(v8::Isolate *,const uint8_t *,v8::NewStringType,int)' : cannot convert argument 3 from 'v8::String::NewStringType' to 'v8::NewStringType' (..\src\addon.cpp) [D:\Cliff\1md031_18_students\node_modules\uws\build\uws.vcxproj]
          Conversion to enumeration type requires an explicit cast (static_cast, C-style cast or function-style cast)
d:\cliff\1md031_18_students\node_modules\uws\src\http.h(48): error C2664: 'v8::MaybeLocal<v8::String> v8::String::NewFromOneByte(v8::Isolate *,const uint8_t *,v8::NewStringType,int)' : cannot convert argument 3 from 'v8::String::NewStringType' to 'v8::NewStringType' (..\src\addon.cpp) [D:\Cliff\1md031_18_students\node_modules\uws\build\uws.vcxproj]
          Conversion to enumeration type requires an explicit cast (static_cast, C-style cast or function-style cast)
d:\cliff\1md031_18_students\node_modules\uws\src\http.h(51): error C2664: 'v8::MaybeLocal<v8::String> v8::String::NewFromOneByte(v8::Isolate *,const uint8_t *,v8::NewStringType,int)' : cannot convert argument 3 from 'v8::String::NewStringType' to 'v8::NewStringType' (..\src\addon.cpp) [D:\Cliff\1md031_18_students\node_modules\uws\build\uws.vcxproj]
          Conversion to enumeration type requires an explicit cast (static_cast, C-style cast or function-style cast)
d:\cliff\1md031_18_students\node_modules\uws\src\http.h(54): error C2664: 'v8::MaybeLocal<v8::String> v8::String::NewFromOneByte(v8::Isolate *,const uint8_t *,v8::NewStringType,int)' : cannot convert argument 3 from 'v8::String::NewStringType' to 'v8::NewStringType' (..\src\addon.cpp) [D:\Cliff\1md031_18_students\node_modules\uws\build\uws.vcxproj]
          Conversion to enumeration type requires an explicit cast (static_cast, C-style cast or function-style cast)
d:\cliff\1md031_18_students\node_modules\uws\src\http.h(57): error C2664: 'v8::MaybeLocal<v8::String> v8::String::NewFromOneByte(v8::Isolate *,const uint8_t *,v8::NewStringType,int)' : cannot convert argument 3 from 'v8::String::NewStringType' to 'v8::NewStringType' (..\src\addon.cpp) [D:\Cliff\1md031_18_students\node_modules\uws\build\uws.vcxproj]
          Conversion to enumeration type requires an explicit cast (static_cast, C-style cast or function-style cast)
d:\cliff\1md031_18_students\node_modules\uws\src\http.h(60): error C2664: 'v8::MaybeLocal<v8::String> v8::String::NewFromOneByte(v8::Isolate *,const uint8_t *,v8::NewStringType,int)' : cannot convert argument 3 from 'v8::String::NewStringType' to 'v8::NewStringType' (..\src\addon.cpp) [D:\Cliff\1md031_18_students\node_modules\uws\build\uws.vcxproj]
          Conversion to enumeration type requires an explicit cast (static_cast, C-style cast or function-style cast)
d:\cliff\1md031_18_students\node_modules\uws\src\http.h(63): error C2664: 'v8::MaybeLocal<v8::String> v8::String::NewFromOneByte(v8::Isolate *,const uint8_t *,v8::NewStringType,int)' : cannot convert argument 3 from 'v8::String::NewStringType' to 'v8::NewStringType' (..\src\addon.cpp) [D:\Cliff\1md031_18_students\node_modules\uws\build\uws.vcxproj]
          Conversion to enumeration type requires an explicit cast (static_cast, C-style cast or function-style cast)
d:\cliff\1md031_18_students\node_modules\uws\src\http.h(66): error C2664: 'v8::MaybeLocal<v8::String> v8::String::NewFromOneByte(v8::Isolate *,const uint8_t *,v8::NewStringType,int)' : cannot convert argument 3 from 'v8::String::NewStringType' to 'v8::NewStringType' (..\src\addon.cpp) [D:\Cliff\1md031_18_students\node_modules\uws\build\uws.vcxproj]
          Conversion to enumeration type requires an explicit cast (static_cast, C-style cast or function-style cast)
d:\cliff\1md031_18_students\node_modules\uws\src\http.h(69): error C2664: 'v8::MaybeLocal<v8::String> v8::String::NewFromOneByte(v8::Isolate *,const uint8_t *,v8::NewStringType,int)' : cannot convert argument 3 from 'v8::String::NewStringType' to 'v8::NewStringType' (..\src\addon.cpp) [D:\Cliff\1md031_18_students\node_modules\uws\build\uws.vcxproj]
          Conversion to enumeration type requires an explicit cast (static_cast, C-style cast or function-style cast)
d:\cliff\1md031_18_students\node_modules\uws\src\http.h(99): error C2661: 'v8::Function::NewInstance' : no overloaded function takes 0 arguments (..\src\addon.cpp) [D:\Cliff\1md031_18_students\node_modules\uws\build\uws.vcxproj]
d:\cliff\1md031_18_students\node_modules\uws\src\http.h(149): warning C4018: '<' : signed/unsigned mismatch (..\src\addon.cpp) [D:\Cliff\1md031_18_students\node_modules\uws\build\uws.vcxproj]
d:\cliff\1md031_18_students\node_modules\uws\src\http.h(196): error C2661: 'v8::Function::NewInstance' : no overloaded function takes 0 arguments (..\src\addon.cpp) [D:\Cliff\1md031_18_students\node_modules\uws\build\uws.vcxproj]
d:\cliff\1md031_18_students\node_modules\uws\src\http.h(227): error C2664: 'v8::MaybeLocal<v8::String> v8::String::NewFromOneByte(v8::Isolate *,const uint8_t *,v8::NewStringType,int)' : cannot convert argument 3 from 'v8::String::NewStringType' to 'v8::NewStringType' (..\src\addon.cpp) [D:\Cliff\1md031_18_students\node_modules\uws\build\uws.vcxproj]
          Conversion to enumeration type requires an explicit cast (static_cast, C-style cast or function-style cast)
d:\cliff\1md031_18_students\node_modules\uws\src\http.h(227): error C2660: 'v8::Object::SetInternalField' : function does not take 1 arguments (..\src\addon.cpp) [D:\Cliff\1md031_18_students\node_modules\uws\build\uws.vcxproj]
d:\cliff\1md031_18_students\node_modules\uws\src\http.h(293): error C2661: 'v8::Function::NewInstance' : no overloaded function takes 0 arguments (..\src\addon.cpp) [D:\Cliff\1md031_18_students\node_modules\uws\build\uws.vcxproj]
d:\cliff\1md031_18_students\node_modules\uws\src\http.h(320): error C2660: 'v8::Object::SetPrototype' : function does not take 1 arguments (..\src\addon.cpp) [D:\Cliff\1md031_18_students\node_modules\uws\build\uws.vcxproj]
d:\cliff\1md031_18_students\node_modules\uws\src\http.h(321): error C2660: 'v8::Object::SetPrototype' : function does not take 1 arguments (..\src\addon.cpp) [D:\Cliff\1md031_18_students\node_modules\uws\build\uws.vcxproj]
d:\cliff\1md031_18_students\node_modules\uws\src\http.h(327): error C2661: 'v8::Function::NewInstance' : no overloaded function takes 0 arguments (..\src\addon.cpp) [D:\Cliff\1md031_18_students\node_modules\uws\build\uws.vcxproj]
gyp ERR! build error 
gyp ERR! stack Error: `C:\Program Files (x86)\MSBuild\12.0\bin\msbuild.exe` failed with exit code: 1
gyp ERR! stack     at ChildProcess.onExit (C:\Program Files\nodejs\node_modules\npm\node_modules\node-gyp\lib\build.js:262:23)
gyp ERR! stack     at ChildProcess.emit (events.js:182:13)
gyp ERR! stack     at Process.ChildProcess._handle.onexit (internal/child_process.js:240:12)
gyp ERR! System Windows_NT 10.0.17134
gyp ERR! command "C:\\Program Files\\nodejs\\node.exe" "C:\\Program Files\\nodejs\\node_modules\\npm\\node_modules\\node-gyp\\bin\\node-gyp.js" "rebuild"
gyp ERR! cwd D:\Cliff\1md031_18_students\node_modules\uws
gyp ERR! node -v v10.13.0
gyp ERR! node-gyp -v v3.8.0
gyp ERR! not ok 
